<?xml version="1.0" encoding="UTF-8"?>
<testsuites name="New Test Suite" time="4.472" tests="1" failures="0" errors="0">
   <testsuite name="New Test Suite" tests="1" failures="0" errors="0" time="4.472" skipped="0" timestamp="09-04-2024T14:46:49" hostname="1728 - LAPTOP-NG7JKII8" id="Test Suites/New Test Suite">
      <properties>
         <property name="deviceName" value=""/>
         <property name="devicePlatform" value=""/>
         <property name="logFolder" value="C:\\Users\\1728\\git\\test-git\\Reports\\20240409_144642\\New Test Suite\\20240409_144642"/>
         <property name="logFiles" value="C:\\Users\\1728\\git\\test-git\\Reports\\20240409_144642\\New Test Suite\\20240409_144642\\execution0.log"/>
         <property name="attachments" value=""/>
         <property name="hostName" value="1728 - LAPTOP-NG7JKII8"/>
         <property name="os" value="Windows 11 64bit"/>
         <property name="katalonVersion" value="9.3.2.212"/>
         <property name="browser" value="Chrome 123.0.0.0"/>
         <property name="hostAddress" value="192.168.1.7"/>
         <property name="sessionId" value="314c079d59ec4df482430db178303147"/>
         <property name="seleniumVersion" value="3.141.59"/>
         <property name="proxyInformation" value="ProxyInformation { proxyOption=NO_PROXY, proxyServerType=HTTP, username=, password=********, proxyServerAddress=, proxyServerPort=0, executionList=&quot;&quot;, isApplyToDesiredCapabilities=true }"/>
         <property name="platform" value="Windows 11"/>
      </properties>
      <testcase name="Test Cases/New Test Case" time="4.112" classname="Test Cases/New Test Case" status="PASSED">
         <system-out><![CDATA[09-04-2024T14:46:50 - [TEST_CASE][PASSED] - Test Cases/New Test Case: Test Cases/New Test Case

09-04-2024T14:46:50 - [TEST_STEP][PASSED] - openBrowser(""): Browser is opened with url: ''

09-04-2024T14:46:51 - [MESSAGE][INFO] - Starting 'Chrome' driver

09-04-2024T14:46:51 - [MESSAGE][INFO] - Action delay is set to 0 milliseconds

09-04-2024T14:46:53 - [MESSAGE][PASSED] - Browser is opened with url: ''

09-04-2024T14:46:53 - [TEST_STEP][PASSED] - navigateToUrl("https://www.indocyber.co.id/"): Navigate to 'https://www.indocyber.co.id/' successfully

09-04-2024T14:46:54 - [MESSAGE][PASSED] - Navigate to 'https://www.indocyber.co.id/' successfully]]></system-out>
         <system-err><![CDATA[]]></system-err>
      </testcase>
      <system-out><![CDATA[09-04-2024T14:46:49 - [TEST_SUITE][PASSED] - New Test Suite: Test Cases/New Test Case]]></system-out>
      <system-err><![CDATA[]]></system-err>
   </testsuite>
</testsuites>
